<?xml version="1.0" encoding="UTF-8"?>
<!-- Generated by org.testng.reporters.JUnitReportReporter -->
<testsuite hostname="TheRock" failures="0" tests="1" name="testClasses.Test_Case_1" time="0.078" errors="0" timestamp="2022-07-09T00:55:06 IST" skipped="0">
  <testcase classname="testClasses.Test_Case_1" name="verify_team_has_only_4_foreign_players" time="0.078"/>
  <system-out/>
</testsuite> <!-- testClasses.Test_Case_1 -->
