<?xml version="1.0" encoding="UTF-8"?>
<!-- Generated by org.testng.reporters.JUnitReportReporter -->
<testsuite hostname="TheRock" failures="0" tests="1" name="testClasses.Test_Case_2" time="0.006" errors="0" timestamp="2022-07-09T00:55:06 IST" skipped="0">
  <testcase classname="testClasses.Test_Case_2" name="verify_team_has_at_least_1_wicket_keeper" time="0.006"/>
  <system-out/>
</testsuite> <!-- testClasses.Test_Case_2 -->
